[0.022s] Invoking command in '/home/amirtha-varshiniy/my_robot_ws/build/my_robot_description': CMAKE_PREFIX_PATH=${CMAKE_PREFIX_PATH}:/home/amirtha-varshiniy/amr_ws/install/turtle_controller:/home/amirtha-varshiniy/amr_ws/install/demo_pkg:/home/amirtha-varshiniy/amr_ws/install/amr_basics:/opt/ros/jazzy DEBUGINFOD_URLS=https://debuginfod.ubuntu.com /usr/bin/cmake /home/amirtha-varshiniy/my_robot_ws/src/my_robot_description -DCMAKE_INSTALL_PREFIX=/home/amirtha-varshiniy/my_robot_ws/install/my_robot_description
[0.085s] -- The C compiler identification is GNU 13.3.0
[0.148s] -- The CXX compiler identification is GNU 13.3.0
[0.169s] -- Detecting C compiler ABI info
[0.292s] -- Detecting C compiler ABI info - done
[0.292s] -- Check for working C compiler: /usr/bin/cc - skipped
[0.292s] -- Detecting C compile features
[0.293s] -- Detecting C compile features - done
[0.308s] -- Detecting CXX compiler ABI info
[0.439s] -- Detecting CXX compiler ABI info - done
[0.446s] -- Check for working CXX compiler: /usr/bin/c++ - skipped
[0.447s] -- Detecting CXX compile features
[0.447s] -- Detecting CXX compile features - done
[0.450s] -- Found ament_cmake: 2.5.6 (/opt/ros/jazzy/share/ament_cmake/cmake)
[0.611s] -- Found Python3: /usr/bin/python3 (found version "3.12.3") found components: Interpreter 
[0.796s] -- Configuring done (0.8s)
[0.801s] -- Generating done (0.0s)
[0.805s] -- Build files have been written to: /home/amirtha-varshiniy/my_robot_ws/build/my_robot_description
[0.814s] Invoked command in '/home/amirtha-varshiniy/my_robot_ws/build/my_robot_description' returned '0': CMAKE_PREFIX_PATH=${CMAKE_PREFIX_PATH}:/home/amirtha-varshiniy/amr_ws/install/turtle_controller:/home/amirtha-varshiniy/amr_ws/install/demo_pkg:/home/amirtha-varshiniy/amr_ws/install/amr_basics:/opt/ros/jazzy DEBUGINFOD_URLS=https://debuginfod.ubuntu.com /usr/bin/cmake /home/amirtha-varshiniy/my_robot_ws/src/my_robot_description -DCMAKE_INSTALL_PREFIX=/home/amirtha-varshiniy/my_robot_ws/install/my_robot_description
[0.814s] Invoking command in '/home/amirtha-varshiniy/my_robot_ws/build/my_robot_description': CMAKE_PREFIX_PATH=${CMAKE_PREFIX_PATH}:/home/amirtha-varshiniy/amr_ws/install/turtle_controller:/home/amirtha-varshiniy/amr_ws/install/demo_pkg:/home/amirtha-varshiniy/amr_ws/install/amr_basics:/opt/ros/jazzy DEBUGINFOD_URLS=https://debuginfod.ubuntu.com /usr/bin/cmake --build /home/amirtha-varshiniy/my_robot_ws/build/my_robot_description -- -j2 -l2
[0.861s] Invoked command in '/home/amirtha-varshiniy/my_robot_ws/build/my_robot_description' returned '0': CMAKE_PREFIX_PATH=${CMAKE_PREFIX_PATH}:/home/amirtha-varshiniy/amr_ws/install/turtle_controller:/home/amirtha-varshiniy/amr_ws/install/demo_pkg:/home/amirtha-varshiniy/amr_ws/install/amr_basics:/opt/ros/jazzy DEBUGINFOD_URLS=https://debuginfod.ubuntu.com /usr/bin/cmake --build /home/amirtha-varshiniy/my_robot_ws/build/my_robot_description -- -j2 -l2
[0.874s] Invoking command in '/home/amirtha-varshiniy/my_robot_ws/build/my_robot_description': CMAKE_PREFIX_PATH=${CMAKE_PREFIX_PATH}:/home/amirtha-varshiniy/amr_ws/install/turtle_controller:/home/amirtha-varshiniy/amr_ws/install/demo_pkg:/home/amirtha-varshiniy/amr_ws/install/amr_basics:/opt/ros/jazzy DEBUGINFOD_URLS=https://debuginfod.ubuntu.com /usr/bin/cmake --install /home/amirtha-varshiniy/my_robot_ws/build/my_robot_description
[0.884s] -- Install configuration: ""
[0.884s] -- Installing: /home/amirtha-varshiniy/my_robot_ws/install/my_robot_description/share/my_robot_description//launch
[0.886s] -- Installing: /home/amirtha-varshiniy/my_robot_ws/install/my_robot_description/share/my_robot_description//launch/gazebo.launch.py
[0.886s] -- Installing: /home/amirtha-varshiniy/my_robot_ws/install/my_robot_description/share/my_robot_description//launch/display.launch.xml
[0.886s] -- Installing: /home/amirtha-varshiniy/my_robot_ws/install/my_robot_description/share/my_robot_description//urdf
[0.886s] -- Installing: /home/amirtha-varshiniy/my_robot_ws/install/my_robot_description/share/my_robot_description//urdf/gazebo.xacro
[0.886s] -- Installing: /home/amirtha-varshiniy/my_robot_ws/install/my_robot_description/share/my_robot_description//urdf/my_robot.urdf.xacro
[0.886s] -- Installing: /home/amirtha-varshiniy/my_robot_ws/install/my_robot_description/share/my_robot_description//urdf/common_properties.xacro
[0.887s] -- Installing: /home/amirtha-varshiniy/my_robot_ws/install/my_robot_description/share/my_robot_description//urdf/mobile_base.xacro
[0.887s] -- Installing: /home/amirtha-varshiniy/my_robot_ws/install/my_robot_description/share/my_robot_description//rviz
[0.887s] -- Installing: /home/amirtha-varshiniy/my_robot_ws/install/my_robot_description/share/my_robot_description//rviz/urdf_config.rviz
[0.887s] -- Installing: /home/amirtha-varshiniy/my_robot_ws/install/my_robot_description/share/ament_index/resource_index/package_run_dependencies/my_robot_description
[0.887s] -- Installing: /home/amirtha-varshiniy/my_robot_ws/install/my_robot_description/share/ament_index/resource_index/parent_prefix_path/my_robot_description
[0.887s] -- Installing: /home/amirtha-varshiniy/my_robot_ws/install/my_robot_description/share/my_robot_description/environment/ament_prefix_path.sh
[0.887s] -- Installing: /home/amirtha-varshiniy/my_robot_ws/install/my_robot_description/share/my_robot_description/environment/ament_prefix_path.dsv
[0.887s] -- Installing: /home/amirtha-varshiniy/my_robot_ws/install/my_robot_description/share/my_robot_description/environment/path.sh
[0.887s] -- Installing: /home/amirtha-varshiniy/my_robot_ws/install/my_robot_description/share/my_robot_description/environment/path.dsv
[0.887s] -- Installing: /home/amirtha-varshiniy/my_robot_ws/install/my_robot_description/share/my_robot_description/local_setup.bash
[0.888s] -- Installing: /home/amirtha-varshiniy/my_robot_ws/install/my_robot_description/share/my_robot_description/local_setup.sh
[0.888s] -- Installing: /home/amirtha-varshiniy/my_robot_ws/install/my_robot_description/share/my_robot_description/local_setup.zsh
[0.889s] -- Installing: /home/amirtha-varshiniy/my_robot_ws/install/my_robot_description/share/my_robot_description/local_setup.dsv
[0.889s] -- Installing: /home/amirtha-varshiniy/my_robot_ws/install/my_robot_description/share/my_robot_description/package.dsv
[0.889s] -- Installing: /home/amirtha-varshiniy/my_robot_ws/install/my_robot_description/share/ament_index/resource_index/packages/my_robot_description
[0.890s] -- Installing: /home/amirtha-varshiniy/my_robot_ws/install/my_robot_description/share/my_robot_description/cmake/my_robot_descriptionConfig.cmake
[0.890s] -- Installing: /home/amirtha-varshiniy/my_robot_ws/install/my_robot_description/share/my_robot_description/cmake/my_robot_descriptionConfig-version.cmake
[0.890s] -- Installing: /home/amirtha-varshiniy/my_robot_ws/install/my_robot_description/share/my_robot_description/package.xml
[0.893s] Invoked command in '/home/amirtha-varshiniy/my_robot_ws/build/my_robot_description' returned '0': CMAKE_PREFIX_PATH=${CMAKE_PREFIX_PATH}:/home/amirtha-varshiniy/amr_ws/install/turtle_controller:/home/amirtha-varshiniy/amr_ws/install/demo_pkg:/home/amirtha-varshiniy/amr_ws/install/amr_basics:/opt/ros/jazzy DEBUGINFOD_URLS=https://debuginfod.ubuntu.com /usr/bin/cmake --install /home/amirtha-varshiniy/my_robot_ws/build/my_robot_description
