[0.022s] Invoking command in '/home/amirtha-varshiniy/my_robot_ws/build/my_robot_bringup': CMAKE_PREFIX_PATH=${CMAKE_PREFIX_PATH}:/home/amirtha-varshiniy/amr_ws/install/turtle_controller:/home/amirtha-varshiniy/amr_ws/install/demo_pkg:/home/amirtha-varshiniy/amr_ws/install/amr_basics:/opt/ros/jazzy DEBUGINFOD_URLS=https://debuginfod.ubuntu.com /usr/bin/cmake --build /home/amirtha-varshiniy/my_robot_ws/build/my_robot_bringup -- -j2 -l2
[0.079s] Invoked command in '/home/amirtha-varshiniy/my_robot_ws/build/my_robot_bringup' returned '0': CMAKE_PREFIX_PATH=${CMAKE_PREFIX_PATH}:/home/amirtha-varshiniy/amr_ws/install/turtle_controller:/home/amirtha-varshiniy/amr_ws/install/demo_pkg:/home/amirtha-varshiniy/amr_ws/install/amr_basics:/opt/ros/jazzy DEBUGINFOD_URLS=https://debuginfod.ubuntu.com /usr/bin/cmake --build /home/amirtha-varshiniy/my_robot_ws/build/my_robot_bringup -- -j2 -l2
[0.081s] Invoking command in '/home/amirtha-varshiniy/my_robot_ws/build/my_robot_bringup': CMAKE_PREFIX_PATH=${CMAKE_PREFIX_PATH}:/home/amirtha-varshiniy/amr_ws/install/turtle_controller:/home/amirtha-varshiniy/amr_ws/install/demo_pkg:/home/amirtha-varshiniy/amr_ws/install/amr_basics:/opt/ros/jazzy DEBUGINFOD_URLS=https://debuginfod.ubuntu.com /usr/bin/cmake --install /home/amirtha-varshiniy/my_robot_ws/build/my_robot_bringup
[0.091s] -- Install configuration: ""
[0.092s] -- Up-to-date: /home/amirtha-varshiniy/my_robot_ws/install/my_robot_bringup/share/my_robot_bringup/launch
[0.092s] -- Up-to-date: /home/amirtha-varshiniy/my_robot_ws/install/my_robot_bringup/share/my_robot_bringup/launch/my_robot.launch.xml
[0.092s] -- Up-to-date: /home/amirtha-varshiniy/my_robot_ws/install/my_robot_bringup/share/ament_index/resource_index/package_run_dependencies/my_robot_bringup
[0.092s] -- Up-to-date: /home/amirtha-varshiniy/my_robot_ws/install/my_robot_bringup/share/ament_index/resource_index/parent_prefix_path/my_robot_bringup
[0.093s] -- Up-to-date: /home/amirtha-varshiniy/my_robot_ws/install/my_robot_bringup/share/my_robot_bringup/environment/ament_prefix_path.sh
[0.093s] -- Up-to-date: /home/amirtha-varshiniy/my_robot_ws/install/my_robot_bringup/share/my_robot_bringup/environment/ament_prefix_path.dsv
[0.093s] -- Up-to-date: /home/amirtha-varshiniy/my_robot_ws/install/my_robot_bringup/share/my_robot_bringup/environment/path.sh
[0.093s] -- Up-to-date: /home/amirtha-varshiniy/my_robot_ws/install/my_robot_bringup/share/my_robot_bringup/environment/path.dsv
[0.093s] -- Up-to-date: /home/amirtha-varshiniy/my_robot_ws/install/my_robot_bringup/share/my_robot_bringup/local_setup.bash
[0.093s] -- Up-to-date: /home/amirtha-varshiniy/my_robot_ws/install/my_robot_bringup/share/my_robot_bringup/local_setup.sh
[0.093s] -- Up-to-date: /home/amirtha-varshiniy/my_robot_ws/install/my_robot_bringup/share/my_robot_bringup/local_setup.zsh
[0.093s] -- Up-to-date: /home/amirtha-varshiniy/my_robot_ws/install/my_robot_bringup/share/my_robot_bringup/local_setup.dsv
[0.094s] -- Up-to-date: /home/amirtha-varshiniy/my_robot_ws/install/my_robot_bringup/share/my_robot_bringup/package.dsv
[0.094s] -- Up-to-date: /home/amirtha-varshiniy/my_robot_ws/install/my_robot_bringup/share/ament_index/resource_index/packages/my_robot_bringup
[0.094s] -- Up-to-date: /home/amirtha-varshiniy/my_robot_ws/install/my_robot_bringup/share/my_robot_bringup/cmake/my_robot_bringupConfig.cmake
[0.094s] -- Up-to-date: /home/amirtha-varshiniy/my_robot_ws/install/my_robot_bringup/share/my_robot_bringup/cmake/my_robot_bringupConfig-version.cmake
[0.094s] -- Up-to-date: /home/amirtha-varshiniy/my_robot_ws/install/my_robot_bringup/share/my_robot_bringup/package.xml
[0.097s] Invoked command in '/home/amirtha-varshiniy/my_robot_ws/build/my_robot_bringup' returned '0': CMAKE_PREFIX_PATH=${CMAKE_PREFIX_PATH}:/home/amirtha-varshiniy/amr_ws/install/turtle_controller:/home/amirtha-varshiniy/amr_ws/install/demo_pkg:/home/amirtha-varshiniy/amr_ws/install/amr_basics:/opt/ros/jazzy DEBUGINFOD_URLS=https://debuginfod.ubuntu.com /usr/bin/cmake --install /home/amirtha-varshiniy/my_robot_ws/build/my_robot_bringup
