[0.006s] Invoking command in '/home/amirtha-varshiniy/my_robot_ws/build/my_robot_bringup': CMAKE_PREFIX_PATH=${CMAKE_PREFIX_PATH}:/home/amirtha-varshiniy/amr_ws/install/turtle_controller:/home/amirtha-varshiniy/amr_ws/install/demo_pkg:/home/amirtha-varshiniy/amr_ws/install/amr_basics:/opt/ros/jazzy DEBUGINFOD_URLS=https://debuginfod.ubuntu.com /usr/bin/cmake /home/amirtha-varshiniy/my_robot_ws/src/my_robot_bringup -DCMAKE_INSTALL_PREFIX=/home/amirtha-varshiniy/my_robot_ws/install/my_robot_bringup
[0.078s] -- The C compiler identification is GNU 13.3.0
[0.140s] -- The CXX compiler identification is GNU 13.3.0
[0.160s] -- Detecting C compiler ABI info
[0.274s] -- Detecting C compiler ABI info - done
[0.280s] -- Check for working C compiler: /usr/bin/cc - skipped
[0.281s] -- Detecting C compile features
[0.281s] -- Detecting C compile features - done
[0.294s] -- Detecting CXX compiler ABI info
[0.417s] -- Detecting CXX compiler ABI info - done
[0.422s] -- Check for working CXX compiler: /usr/bin/c++ - skipped
[0.423s] -- Detecting CXX compile features
[0.424s] -- Detecting CXX compile features - done
[0.427s] -- Found ament_cmake: 2.5.6 (/opt/ros/jazzy/share/ament_cmake/cmake)
[0.581s] -- Found Python3: /usr/bin/python3 (found version "3.12.3") found components: Interpreter 
[0.786s] -- Configuring done (0.8s)
[0.786s] -- Generating done (0.0s)
[0.788s] -- Build files have been written to: /home/amirtha-varshiniy/my_robot_ws/build/my_robot_bringup
[0.794s] Invoked command in '/home/amirtha-varshiniy/my_robot_ws/build/my_robot_bringup' returned '0': CMAKE_PREFIX_PATH=${CMAKE_PREFIX_PATH}:/home/amirtha-varshiniy/amr_ws/install/turtle_controller:/home/amirtha-varshiniy/amr_ws/install/demo_pkg:/home/amirtha-varshiniy/amr_ws/install/amr_basics:/opt/ros/jazzy DEBUGINFOD_URLS=https://debuginfod.ubuntu.com /usr/bin/cmake /home/amirtha-varshiniy/my_robot_ws/src/my_robot_bringup -DCMAKE_INSTALL_PREFIX=/home/amirtha-varshiniy/my_robot_ws/install/my_robot_bringup
[0.794s] Invoking command in '/home/amirtha-varshiniy/my_robot_ws/build/my_robot_bringup': CMAKE_PREFIX_PATH=${CMAKE_PREFIX_PATH}:/home/amirtha-varshiniy/amr_ws/install/turtle_controller:/home/amirtha-varshiniy/amr_ws/install/demo_pkg:/home/amirtha-varshiniy/amr_ws/install/amr_basics:/opt/ros/jazzy DEBUGINFOD_URLS=https://debuginfod.ubuntu.com /usr/bin/cmake --build /home/amirtha-varshiniy/my_robot_ws/build/my_robot_bringup -- -j2 -l2
[0.853s] Invoked command in '/home/amirtha-varshiniy/my_robot_ws/build/my_robot_bringup' returned '0': CMAKE_PREFIX_PATH=${CMAKE_PREFIX_PATH}:/home/amirtha-varshiniy/amr_ws/install/turtle_controller:/home/amirtha-varshiniy/amr_ws/install/demo_pkg:/home/amirtha-varshiniy/amr_ws/install/amr_basics:/opt/ros/jazzy DEBUGINFOD_URLS=https://debuginfod.ubuntu.com /usr/bin/cmake --build /home/amirtha-varshiniy/my_robot_ws/build/my_robot_bringup -- -j2 -l2
[0.854s] Invoking command in '/home/amirtha-varshiniy/my_robot_ws/build/my_robot_bringup': CMAKE_PREFIX_PATH=${CMAKE_PREFIX_PATH}:/home/amirtha-varshiniy/amr_ws/install/turtle_controller:/home/amirtha-varshiniy/amr_ws/install/demo_pkg:/home/amirtha-varshiniy/amr_ws/install/amr_basics:/opt/ros/jazzy DEBUGINFOD_URLS=https://debuginfod.ubuntu.com /usr/bin/cmake --install /home/amirtha-varshiniy/my_robot_ws/build/my_robot_bringup
[0.864s] -- Install configuration: ""
[0.864s] -- Installing: /home/amirtha-varshiniy/my_robot_ws/install/my_robot_bringup/share/my_robot_bringup/launch
[0.865s] -- Installing: /home/amirtha-varshiniy/my_robot_ws/install/my_robot_bringup/share/my_robot_bringup/launch/my_robot.launch.xml
[0.865s] -- Installing: /home/amirtha-varshiniy/my_robot_ws/install/my_robot_bringup/share/ament_index/resource_index/package_run_dependencies/my_robot_bringup
[0.865s] -- Installing: /home/amirtha-varshiniy/my_robot_ws/install/my_robot_bringup/share/ament_index/resource_index/parent_prefix_path/my_robot_bringup
[0.866s] -- Installing: /home/amirtha-varshiniy/my_robot_ws/install/my_robot_bringup/share/my_robot_bringup/environment/ament_prefix_path.sh
[0.867s] -- Installing: /home/amirtha-varshiniy/my_robot_ws/install/my_robot_bringup/share/my_robot_bringup/environment/ament_prefix_path.dsv
[0.867s] -- Installing: /home/amirtha-varshiniy/my_robot_ws/install/my_robot_bringup/share/my_robot_bringup/environment/path.sh
[0.867s] -- Installing: /home/amirtha-varshiniy/my_robot_ws/install/my_robot_bringup/share/my_robot_bringup/environment/path.dsv
[0.868s] -- Installing: /home/amirtha-varshiniy/my_robot_ws/install/my_robot_bringup/share/my_robot_bringup/local_setup.bash
[0.869s] -- Installing: /home/amirtha-varshiniy/my_robot_ws/install/my_robot_bringup/share/my_robot_bringup/local_setup.sh
[0.869s] -- Installing: /home/amirtha-varshiniy/my_robot_ws/install/my_robot_bringup/share/my_robot_bringup/local_setup.zsh
[0.869s] -- Installing: /home/amirtha-varshiniy/my_robot_ws/install/my_robot_bringup/share/my_robot_bringup/local_setup.dsv
[0.869s] -- Installing: /home/amirtha-varshiniy/my_robot_ws/install/my_robot_bringup/share/my_robot_bringup/package.dsv
[0.869s] -- Installing: /home/amirtha-varshiniy/my_robot_ws/install/my_robot_bringup/share/ament_index/resource_index/packages/my_robot_bringup
[0.869s] -- Installing: /home/amirtha-varshiniy/my_robot_ws/install/my_robot_bringup/share/my_robot_bringup/cmake/my_robot_bringupConfig.cmake
[0.869s] -- Installing: /home/amirtha-varshiniy/my_robot_ws/install/my_robot_bringup/share/my_robot_bringup/cmake/my_robot_bringupConfig-version.cmake
[0.869s] -- Installing: /home/amirtha-varshiniy/my_robot_ws/install/my_robot_bringup/share/my_robot_bringup/package.xml
[0.871s] Invoked command in '/home/amirtha-varshiniy/my_robot_ws/build/my_robot_bringup' returned '0': CMAKE_PREFIX_PATH=${CMAKE_PREFIX_PATH}:/home/amirtha-varshiniy/amr_ws/install/turtle_controller:/home/amirtha-varshiniy/amr_ws/install/demo_pkg:/home/amirtha-varshiniy/amr_ws/install/amr_basics:/opt/ros/jazzy DEBUGINFOD_URLS=https://debuginfod.ubuntu.com /usr/bin/cmake --install /home/amirtha-varshiniy/my_robot_ws/build/my_robot_bringup
