[0.072s] DEBUG:colcon:Command line arguments: ['/usr/bin/colcon', 'build']
[0.072s] DEBUG:colcon:Parsed command line arguments: Namespace(log_base=None, log_level=None, verb_name='build', build_base='build', install_base='install', merge_install=False, symlink_install=False, test_result_base=None, continue_on_error=False, executor='parallel', parallel_workers=2, event_handlers=None, ignore_user_meta=False, metas=['./colcon.meta'], base_paths=['.'], packages_ignore=None, packages_ignore_regex=None, paths=None, packages_up_to=None, packages_up_to_regex=None, packages_above=None, packages_above_and_dependencies=None, packages_above_depth=None, packages_select_by_dep=None, packages_skip_by_dep=None, packages_skip_up_to=None, packages_select_build_failed=False, packages_skip_build_finished=False, packages_select_test_failures=False, packages_skip_test_passed=False, packages_select=None, packages_skip=None, packages_select_regex=None, packages_skip_regex=None, packages_start=None, packages_end=None, allow_overriding=[], cmake_args=None, cmake_target=None, cmake_target_skip_unavailable=False, cmake_clean_cache=False, cmake_clean_first=False, cmake_force_configure=False, ament_cmake_args=None, catkin_cmake_args=None, catkin_skip_building_tests=False, verb_parser=<colcon_defaults.argument_parser.defaults.DefaultArgumentsDecorator object at 0x7998beb7df70>, verb_extension=<colcon_core.verb.build.BuildVerb object at 0x7998beb7dc40>, main=<bound method BuildVerb.main of <colcon_core.verb.build.BuildVerb object at 0x7998beb7dc40>>)
[0.101s] Level 1:colcon.colcon_core.package_discovery:discover_packages(colcon_meta) check parameters
[0.102s] Level 1:colcon.colcon_core.package_discovery:discover_packages(recursive) check parameters
[0.102s] Level 1:colcon.colcon_core.package_discovery:discover_packages(ignore) check parameters
[0.102s] Level 1:colcon.colcon_core.package_discovery:discover_packages(path) check parameters
[0.102s] Level 1:colcon.colcon_core.package_discovery:discover_packages(colcon_meta) discover
[0.102s] Level 1:colcon.colcon_core.package_discovery:discover_packages(recursive) discover
[0.102s] INFO:colcon.colcon_core.package_discovery:Crawling recursively for packages in '/home/amirtha-varshiniy/my_robot_ws'
[0.102s] Level 1:colcon.colcon_core.package_identification:_identify(.) by extensions ['ignore', 'ignore_ament_install']
[0.102s] Level 1:colcon.colcon_core.package_identification:_identify(.) by extension 'ignore'
[0.102s] Level 1:colcon.colcon_core.package_identification:_identify(.) by extension 'ignore_ament_install'
[0.102s] Level 1:colcon.colcon_core.package_identification:_identify(.) by extensions ['colcon_pkg']
[0.102s] Level 1:colcon.colcon_core.package_identification:_identify(.) by extension 'colcon_pkg'
[0.102s] Level 1:colcon.colcon_core.package_identification:_identify(.) by extensions ['colcon_meta']
[0.102s] Level 1:colcon.colcon_core.package_identification:_identify(.) by extension 'colcon_meta'
[0.102s] Level 1:colcon.colcon_core.package_identification:_identify(.) by extensions ['ros']
[0.102s] Level 1:colcon.colcon_core.package_identification:_identify(.) by extension 'ros'
[0.122s] Level 1:colcon.colcon_core.package_identification:_identify(.) by extensions ['cmake', 'python']
[0.122s] Level 1:colcon.colcon_core.package_identification:_identify(.) by extension 'cmake'
[0.122s] Level 1:colcon.colcon_core.package_identification:_identify(.) by extension 'python'
[0.122s] Level 1:colcon.colcon_core.package_identification:_identify(.) by extensions ['python_setup_py']
[0.122s] Level 1:colcon.colcon_core.package_identification:_identify(.) by extension 'python_setup_py'
[0.122s] Level 1:colcon.colcon_core.package_identification:_identify(build) by extensions ['ignore', 'ignore_ament_install']
[0.122s] Level 1:colcon.colcon_core.package_identification:_identify(build) by extension 'ignore'
[0.122s] Level 1:colcon.colcon_core.package_identification:_identify(build) ignored
[0.122s] Level 1:colcon.colcon_core.package_identification:_identify(install) by extensions ['ignore', 'ignore_ament_install']
[0.122s] Level 1:colcon.colcon_core.package_identification:_identify(install) by extension 'ignore'
[0.122s] Level 1:colcon.colcon_core.package_identification:_identify(install) ignored
[0.122s] Level 1:colcon.colcon_core.package_identification:_identify(log) by extensions ['ignore', 'ignore_ament_install']
[0.122s] Level 1:colcon.colcon_core.package_identification:_identify(log) by extension 'ignore'
[0.122s] Level 1:colcon.colcon_core.package_identification:_identify(log) ignored
[0.122s] Level 1:colcon.colcon_core.package_identification:_identify(src) by extensions ['ignore', 'ignore_ament_install']
[0.122s] Level 1:colcon.colcon_core.package_identification:_identify(src) by extension 'ignore'
[0.122s] Level 1:colcon.colcon_core.package_identification:_identify(src) by extension 'ignore_ament_install'
[0.122s] Level 1:colcon.colcon_core.package_identification:_identify(src) by extensions ['colcon_pkg']
[0.122s] Level 1:colcon.colcon_core.package_identification:_identify(src) by extension 'colcon_pkg'
[0.122s] Level 1:colcon.colcon_core.package_identification:_identify(src) by extensions ['colcon_meta']
[0.122s] Level 1:colcon.colcon_core.package_identification:_identify(src) by extension 'colcon_meta'
[0.122s] Level 1:colcon.colcon_core.package_identification:_identify(src) by extensions ['ros']
[0.122s] Level 1:colcon.colcon_core.package_identification:_identify(src) by extension 'ros'
[0.122s] Level 1:colcon.colcon_core.package_identification:_identify(src) by extensions ['cmake', 'python']
[0.122s] Level 1:colcon.colcon_core.package_identification:_identify(src) by extension 'cmake'
[0.122s] Level 1:colcon.colcon_core.package_identification:_identify(src) by extension 'python'
[0.122s] Level 1:colcon.colcon_core.package_identification:_identify(src) by extensions ['python_setup_py']
[0.122s] Level 1:colcon.colcon_core.package_identification:_identify(src) by extension 'python_setup_py'
[0.122s] Level 1:colcon.colcon_core.package_identification:_identify(src/my_robot_bringup) by extensions ['ignore', 'ignore_ament_install']
[0.123s] Level 1:colcon.colcon_core.package_identification:_identify(src/my_robot_bringup) by extension 'ignore'
[0.123s] Level 1:colcon.colcon_core.package_identification:_identify(src/my_robot_bringup) by extension 'ignore_ament_install'
[0.123s] Level 1:colcon.colcon_core.package_identification:_identify(src/my_robot_bringup) by extensions ['colcon_pkg']
[0.123s] Level 1:colcon.colcon_core.package_identification:_identify(src/my_robot_bringup) by extension 'colcon_pkg'
[0.123s] Level 1:colcon.colcon_core.package_identification:_identify(src/my_robot_bringup) by extensions ['colcon_meta']
[0.123s] Level 1:colcon.colcon_core.package_identification:_identify(src/my_robot_bringup) by extension 'colcon_meta'
[0.123s] Level 1:colcon.colcon_core.package_identification:_identify(src/my_robot_bringup) by extensions ['ros']
[0.123s] Level 1:colcon.colcon_core.package_identification:_identify(src/my_robot_bringup) by extension 'ros'
[0.125s] DEBUG:colcon.colcon_core.package_identification:Package 'src/my_robot_bringup' with type 'ros.ament_cmake' and name 'my_robot_bringup'
[0.125s] Level 1:colcon.colcon_core.package_identification:_identify(src/my_robot_description) by extensions ['ignore', 'ignore_ament_install']
[0.125s] Level 1:colcon.colcon_core.package_identification:_identify(src/my_robot_description) by extension 'ignore'
[0.125s] Level 1:colcon.colcon_core.package_identification:_identify(src/my_robot_description) by extension 'ignore_ament_install'
[0.125s] Level 1:colcon.colcon_core.package_identification:_identify(src/my_robot_description) by extensions ['colcon_pkg']
[0.125s] Level 1:colcon.colcon_core.package_identification:_identify(src/my_robot_description) by extension 'colcon_pkg'
[0.125s] Level 1:colcon.colcon_core.package_identification:_identify(src/my_robot_description) by extensions ['colcon_meta']
[0.125s] Level 1:colcon.colcon_core.package_identification:_identify(src/my_robot_description) by extension 'colcon_meta'
[0.125s] Level 1:colcon.colcon_core.package_identification:_identify(src/my_robot_description) by extensions ['ros']
[0.125s] Level 1:colcon.colcon_core.package_identification:_identify(src/my_robot_description) by extension 'ros'
[0.126s] DEBUG:colcon.colcon_core.package_identification:Package 'src/my_robot_description' with type 'ros.ament_cmake' and name 'my_robot_description'
[0.126s] Level 1:colcon.colcon_core.package_discovery:discover_packages(recursive) using defaults
[0.126s] Level 1:colcon.colcon_core.package_discovery:discover_packages(ignore) discover
[0.126s] Level 1:colcon.colcon_core.package_discovery:discover_packages(ignore) using defaults
[0.126s] Level 1:colcon.colcon_core.package_discovery:discover_packages(path) discover
[0.126s] Level 1:colcon.colcon_core.package_discovery:discover_packages(path) using defaults
[0.139s] Level 1:colcon.colcon_core.package_discovery:discover_packages(prefix_path) check parameters
[0.139s] Level 1:colcon.colcon_core.package_discovery:discover_packages(prefix_path) discover
[0.140s] WARNING:colcon.colcon_ros.prefix_path.ament:The path '/home/amirtha-varshiniy/my_robot_ws/install/my_robot_description' in the environment variable AMENT_PREFIX_PATH doesn't exist
[0.140s] WARNING:colcon.colcon_ros.prefix_path.ament:The path '/home/amirtha-varshiniy/my_robot_ws/install/my_robot_bringup' in the environment variable AMENT_PREFIX_PATH doesn't exist
[0.140s] WARNING:colcon.colcon_ros.prefix_path.catkin:The path '/home/amirtha-varshiniy/my_robot_ws/install/my_robot_description' in the environment variable CMAKE_PREFIX_PATH doesn't exist
[0.140s] WARNING:colcon.colcon_ros.prefix_path.catkin:The path '/home/amirtha-varshiniy/my_robot_ws/install/my_robot_bringup' in the environment variable CMAKE_PREFIX_PATH doesn't exist
[0.141s] DEBUG:colcon.colcon_installed_package_information.package_discovery:Found 0 installed packages in /home/amirtha-varshiniy/my_robot_ws/install
[0.141s] DEBUG:colcon.colcon_installed_package_information.package_discovery:Found 5 installed packages in /home/amirtha-varshiniy/amr_ws/install
[0.142s] DEBUG:colcon.colcon_installed_package_information.package_discovery:Found 323 installed packages in /opt/ros/jazzy
[0.143s] Level 1:colcon.colcon_core.package_discovery:discover_packages(prefix_path) using defaults
[0.176s] Level 5:colcon.colcon_core.verb:set package 'my_robot_description' build argument 'cmake_args' from command line to 'None'
[0.176s] Level 5:colcon.colcon_core.verb:set package 'my_robot_description' build argument 'cmake_target' from command line to 'None'
[0.176s] Level 5:colcon.colcon_core.verb:set package 'my_robot_description' build argument 'cmake_target_skip_unavailable' from command line to 'False'
[0.176s] Level 5:colcon.colcon_core.verb:set package 'my_robot_description' build argument 'cmake_clean_cache' from command line to 'False'
[0.176s] Level 5:colcon.colcon_core.verb:set package 'my_robot_description' build argument 'cmake_clean_first' from command line to 'False'
[0.176s] Level 5:colcon.colcon_core.verb:set package 'my_robot_description' build argument 'cmake_force_configure' from command line to 'False'
[0.176s] Level 5:colcon.colcon_core.verb:set package 'my_robot_description' build argument 'ament_cmake_args' from command line to 'None'
[0.176s] Level 5:colcon.colcon_core.verb:set package 'my_robot_description' build argument 'catkin_cmake_args' from command line to 'None'
[0.176s] Level 5:colcon.colcon_core.verb:set package 'my_robot_description' build argument 'catkin_skip_building_tests' from command line to 'False'
[0.176s] DEBUG:colcon.colcon_core.verb:Building package 'my_robot_description' with the following arguments: {'ament_cmake_args': None, 'build_base': '/home/amirtha-varshiniy/my_robot_ws/build/my_robot_description', 'catkin_cmake_args': None, 'catkin_skip_building_tests': False, 'cmake_args': None, 'cmake_clean_cache': False, 'cmake_clean_first': False, 'cmake_force_configure': False, 'cmake_target': None, 'cmake_target_skip_unavailable': False, 'install_base': '/home/amirtha-varshiniy/my_robot_ws/install/my_robot_description', 'merge_install': False, 'path': '/home/amirtha-varshiniy/my_robot_ws/src/my_robot_description', 'symlink_install': False, 'test_result_base': None}
[0.177s] Level 5:colcon.colcon_core.verb:set package 'my_robot_bringup' build argument 'cmake_args' from command line to 'None'
[0.177s] Level 5:colcon.colcon_core.verb:set package 'my_robot_bringup' build argument 'cmake_target' from command line to 'None'
[0.177s] Level 5:colcon.colcon_core.verb:set package 'my_robot_bringup' build argument 'cmake_target_skip_unavailable' from command line to 'False'
[0.177s] Level 5:colcon.colcon_core.verb:set package 'my_robot_bringup' build argument 'cmake_clean_cache' from command line to 'False'
[0.177s] Level 5:colcon.colcon_core.verb:set package 'my_robot_bringup' build argument 'cmake_clean_first' from command line to 'False'
[0.177s] Level 5:colcon.colcon_core.verb:set package 'my_robot_bringup' build argument 'cmake_force_configure' from command line to 'False'
[0.177s] Level 5:colcon.colcon_core.verb:set package 'my_robot_bringup' build argument 'ament_cmake_args' from command line to 'None'
[0.177s] Level 5:colcon.colcon_core.verb:set package 'my_robot_bringup' build argument 'catkin_cmake_args' from command line to 'None'
[0.177s] Level 5:colcon.colcon_core.verb:set package 'my_robot_bringup' build argument 'catkin_skip_building_tests' from command line to 'False'
[0.177s] DEBUG:colcon.colcon_core.verb:Building package 'my_robot_bringup' with the following arguments: {'ament_cmake_args': None, 'build_base': '/home/amirtha-varshiniy/my_robot_ws/build/my_robot_bringup', 'catkin_cmake_args': None, 'catkin_skip_building_tests': False, 'cmake_args': None, 'cmake_clean_cache': False, 'cmake_clean_first': False, 'cmake_force_configure': False, 'cmake_target': None, 'cmake_target_skip_unavailable': False, 'install_base': '/home/amirtha-varshiniy/my_robot_ws/install/my_robot_bringup', 'merge_install': False, 'path': '/home/amirtha-varshiniy/my_robot_ws/src/my_robot_bringup', 'symlink_install': False, 'test_result_base': None}
[0.177s] INFO:colcon.colcon_core.executor:Executing jobs using 'parallel' executor
[0.178s] DEBUG:colcon.colcon_parallel_executor.executor.parallel:run_until_complete
[0.179s] INFO:colcon.colcon_ros.task.ament_cmake.build:Building ROS package in '/home/amirtha-varshiniy/my_robot_ws/src/my_robot_description' with build type 'ament_cmake'
[0.179s] INFO:colcon.colcon_cmake.task.cmake.build:Building CMake package in '/home/amirtha-varshiniy/my_robot_ws/src/my_robot_description'
[0.181s] INFO:colcon.colcon_core.plugin_system:Skipping extension 'colcon_core.shell.bat': Not used on non-Windows systems
[0.181s] INFO:colcon.colcon_core.shell:Skip shell extension 'powershell' for command environment: Not usable outside of PowerShell
[0.181s] DEBUG:colcon.colcon_core.shell:Skip shell extension 'dsv' for command environment
[0.202s] DEBUG:colcon.colcon_core.event_handler.log_command:Invoking command in '/home/amirtha-varshiniy/my_robot_ws/build/my_robot_description': CMAKE_PREFIX_PATH=${CMAKE_PREFIX_PATH}:/home/amirtha-varshiniy/amr_ws/install/turtle_controller:/home/amirtha-varshiniy/amr_ws/install/demo_pkg:/home/amirtha-varshiniy/amr_ws/install/amr_basics:/opt/ros/jazzy DEBUGINFOD_URLS=https://debuginfod.ubuntu.com /usr/bin/cmake /home/amirtha-varshiniy/my_robot_ws/src/my_robot_description -DCMAKE_INSTALL_PREFIX=/home/amirtha-varshiniy/my_robot_ws/install/my_robot_description
[0.994s] DEBUG:colcon.colcon_core.event_handler.log_command:Invoked command in '/home/amirtha-varshiniy/my_robot_ws/build/my_robot_description' returned '0': CMAKE_PREFIX_PATH=${CMAKE_PREFIX_PATH}:/home/amirtha-varshiniy/amr_ws/install/turtle_controller:/home/amirtha-varshiniy/amr_ws/install/demo_pkg:/home/amirtha-varshiniy/amr_ws/install/amr_basics:/opt/ros/jazzy DEBUGINFOD_URLS=https://debuginfod.ubuntu.com /usr/bin/cmake /home/amirtha-varshiniy/my_robot_ws/src/my_robot_description -DCMAKE_INSTALL_PREFIX=/home/amirtha-varshiniy/my_robot_ws/install/my_robot_description
[0.994s] DEBUG:colcon.colcon_core.event_handler.log_command:Invoking command in '/home/amirtha-varshiniy/my_robot_ws/build/my_robot_description': CMAKE_PREFIX_PATH=${CMAKE_PREFIX_PATH}:/home/amirtha-varshiniy/amr_ws/install/turtle_controller:/home/amirtha-varshiniy/amr_ws/install/demo_pkg:/home/amirtha-varshiniy/amr_ws/install/amr_basics:/opt/ros/jazzy DEBUGINFOD_URLS=https://debuginfod.ubuntu.com /usr/bin/cmake --build /home/amirtha-varshiniy/my_robot_ws/build/my_robot_description -- -j2 -l2
[1.041s] DEBUG:colcon.colcon_core.event_handler.log_command:Invoked command in '/home/amirtha-varshiniy/my_robot_ws/build/my_robot_description' returned '0': CMAKE_PREFIX_PATH=${CMAKE_PREFIX_PATH}:/home/amirtha-varshiniy/amr_ws/install/turtle_controller:/home/amirtha-varshiniy/amr_ws/install/demo_pkg:/home/amirtha-varshiniy/amr_ws/install/amr_basics:/opt/ros/jazzy DEBUGINFOD_URLS=https://debuginfod.ubuntu.com /usr/bin/cmake --build /home/amirtha-varshiniy/my_robot_ws/build/my_robot_description -- -j2 -l2
[1.054s] DEBUG:colcon.colcon_core.event_handler.log_command:Invoking command in '/home/amirtha-varshiniy/my_robot_ws/build/my_robot_description': CMAKE_PREFIX_PATH=${CMAKE_PREFIX_PATH}:/home/amirtha-varshiniy/amr_ws/install/turtle_controller:/home/amirtha-varshiniy/amr_ws/install/demo_pkg:/home/amirtha-varshiniy/amr_ws/install/amr_basics:/opt/ros/jazzy DEBUGINFOD_URLS=https://debuginfod.ubuntu.com /usr/bin/cmake --install /home/amirtha-varshiniy/my_robot_ws/build/my_robot_description
[1.071s] Level 1:colcon.colcon_core.environment:create_environment_scripts_only(my_robot_description)
[1.073s] DEBUG:colcon.colcon_core.event_handler.log_command:Invoked command in '/home/amirtha-varshiniy/my_robot_ws/build/my_robot_description' returned '0': CMAKE_PREFIX_PATH=${CMAKE_PREFIX_PATH}:/home/amirtha-varshiniy/amr_ws/install/turtle_controller:/home/amirtha-varshiniy/amr_ws/install/demo_pkg:/home/amirtha-varshiniy/amr_ws/install/amr_basics:/opt/ros/jazzy DEBUGINFOD_URLS=https://debuginfod.ubuntu.com /usr/bin/cmake --install /home/amirtha-varshiniy/my_robot_ws/build/my_robot_description
[1.074s] Level 1:colcon.colcon_core.environment:checking '/home/amirtha-varshiniy/my_robot_ws/install/my_robot_description' for CMake module files
[1.075s] Level 1:colcon.colcon_core.environment:checking '/home/amirtha-varshiniy/my_robot_ws/install/my_robot_description' for CMake config files
[1.075s] Level 1:colcon.colcon_core.shell:create_environment_hook('my_robot_description', 'cmake_prefix_path')
[1.076s] INFO:colcon.colcon_core.shell:Creating environment hook '/home/amirtha-varshiniy/my_robot_ws/install/my_robot_description/share/my_robot_description/hook/cmake_prefix_path.ps1'
[1.077s] INFO:colcon.colcon_core.shell:Creating environment descriptor '/home/amirtha-varshiniy/my_robot_ws/install/my_robot_description/share/my_robot_description/hook/cmake_prefix_path.dsv'
[1.077s] INFO:colcon.colcon_core.shell:Creating environment hook '/home/amirtha-varshiniy/my_robot_ws/install/my_robot_description/share/my_robot_description/hook/cmake_prefix_path.sh'
[1.078s] Level 1:colcon.colcon_core.environment:checking '/home/amirtha-varshiniy/my_robot_ws/install/my_robot_description/bin'
[1.078s] Level 1:colcon.colcon_core.environment:checking '/home/amirtha-varshiniy/my_robot_ws/install/my_robot_description/lib/pkgconfig/my_robot_description.pc'
[1.078s] Level 1:colcon.colcon_core.environment:checking '/home/amirtha-varshiniy/my_robot_ws/install/my_robot_description/lib/python3.12/site-packages'
[1.078s] Level 1:colcon.colcon_core.environment:checking '/home/amirtha-varshiniy/my_robot_ws/install/my_robot_description/bin'
[1.079s] INFO:colcon.colcon_core.shell:Creating package script '/home/amirtha-varshiniy/my_robot_ws/install/my_robot_description/share/my_robot_description/package.ps1'
[1.079s] INFO:colcon.colcon_core.shell:Creating package descriptor '/home/amirtha-varshiniy/my_robot_ws/install/my_robot_description/share/my_robot_description/package.dsv'
[1.080s] INFO:colcon.colcon_core.shell:Creating package script '/home/amirtha-varshiniy/my_robot_ws/install/my_robot_description/share/my_robot_description/package.sh'
[1.080s] INFO:colcon.colcon_core.shell:Creating package script '/home/amirtha-varshiniy/my_robot_ws/install/my_robot_description/share/my_robot_description/package.bash'
[1.081s] INFO:colcon.colcon_core.shell:Creating package script '/home/amirtha-varshiniy/my_robot_ws/install/my_robot_description/share/my_robot_description/package.zsh'
[1.081s] Level 1:colcon.colcon_core.environment:create_file_with_runtime_dependencies(/home/amirtha-varshiniy/my_robot_ws/install/my_robot_description/share/colcon-core/packages/my_robot_description)
[1.082s] Level 1:colcon.colcon_core.environment:create_environment_scripts_only(my_robot_description)
[1.082s] Level 1:colcon.colcon_core.environment:checking '/home/amirtha-varshiniy/my_robot_ws/install/my_robot_description' for CMake module files
[1.082s] Level 1:colcon.colcon_core.environment:checking '/home/amirtha-varshiniy/my_robot_ws/install/my_robot_description' for CMake config files
[1.082s] Level 1:colcon.colcon_core.shell:create_environment_hook('my_robot_description', 'cmake_prefix_path')
[1.082s] INFO:colcon.colcon_core.shell:Creating environment hook '/home/amirtha-varshiniy/my_robot_ws/install/my_robot_description/share/my_robot_description/hook/cmake_prefix_path.ps1'
[1.083s] INFO:colcon.colcon_core.shell:Creating environment descriptor '/home/amirtha-varshiniy/my_robot_ws/install/my_robot_description/share/my_robot_description/hook/cmake_prefix_path.dsv'
[1.083s] INFO:colcon.colcon_core.shell:Creating environment hook '/home/amirtha-varshiniy/my_robot_ws/install/my_robot_description/share/my_robot_description/hook/cmake_prefix_path.sh'
[1.084s] Level 1:colcon.colcon_core.environment:checking '/home/amirtha-varshiniy/my_robot_ws/install/my_robot_description/bin'
[1.084s] Level 1:colcon.colcon_core.environment:checking '/home/amirtha-varshiniy/my_robot_ws/install/my_robot_description/lib/pkgconfig/my_robot_description.pc'
[1.084s] Level 1:colcon.colcon_core.environment:checking '/home/amirtha-varshiniy/my_robot_ws/install/my_robot_description/lib/python3.12/site-packages'
[1.084s] Level 1:colcon.colcon_core.environment:checking '/home/amirtha-varshiniy/my_robot_ws/install/my_robot_description/bin'
[1.084s] INFO:colcon.colcon_core.shell:Creating package script '/home/amirtha-varshiniy/my_robot_ws/install/my_robot_description/share/my_robot_description/package.ps1'
[1.085s] INFO:colcon.colcon_core.shell:Creating package descriptor '/home/amirtha-varshiniy/my_robot_ws/install/my_robot_description/share/my_robot_description/package.dsv'
[1.086s] INFO:colcon.colcon_core.shell:Creating package script '/home/amirtha-varshiniy/my_robot_ws/install/my_robot_description/share/my_robot_description/package.sh'
[1.086s] INFO:colcon.colcon_core.shell:Creating package script '/home/amirtha-varshiniy/my_robot_ws/install/my_robot_description/share/my_robot_description/package.bash'
[1.086s] INFO:colcon.colcon_core.shell:Creating package script '/home/amirtha-varshiniy/my_robot_ws/install/my_robot_description/share/my_robot_description/package.zsh'
[1.087s] Level 1:colcon.colcon_core.environment:create_file_with_runtime_dependencies(/home/amirtha-varshiniy/my_robot_ws/install/my_robot_description/share/colcon-core/packages/my_robot_description)
[1.087s] INFO:colcon.colcon_ros.task.ament_cmake.build:Building ROS package in '/home/amirtha-varshiniy/my_robot_ws/src/my_robot_bringup' with build type 'ament_cmake'
[1.088s] INFO:colcon.colcon_cmake.task.cmake.build:Building CMake package in '/home/amirtha-varshiniy/my_robot_ws/src/my_robot_bringup'
[1.088s] INFO:colcon.colcon_core.shell:Skip shell extension 'powershell' for command environment: Not usable outside of PowerShell
[1.088s] DEBUG:colcon.colcon_core.shell:Skip shell extension 'dsv' for command environment
[1.103s] DEBUG:colcon.colcon_core.event_handler.log_command:Invoking command in '/home/amirtha-varshiniy/my_robot_ws/build/my_robot_bringup': CMAKE_PREFIX_PATH=${CMAKE_PREFIX_PATH}:/home/amirtha-varshiniy/amr_ws/install/turtle_controller:/home/amirtha-varshiniy/amr_ws/install/demo_pkg:/home/amirtha-varshiniy/amr_ws/install/amr_basics:/opt/ros/jazzy DEBUGINFOD_URLS=https://debuginfod.ubuntu.com /usr/bin/cmake /home/amirtha-varshiniy/my_robot_ws/src/my_robot_bringup -DCMAKE_INSTALL_PREFIX=/home/amirtha-varshiniy/my_robot_ws/install/my_robot_bringup
[1.891s] DEBUG:colcon.colcon_core.event_handler.log_command:Invoked command in '/home/amirtha-varshiniy/my_robot_ws/build/my_robot_bringup' returned '0': CMAKE_PREFIX_PATH=${CMAKE_PREFIX_PATH}:/home/amirtha-varshiniy/amr_ws/install/turtle_controller:/home/amirtha-varshiniy/amr_ws/install/demo_pkg:/home/amirtha-varshiniy/amr_ws/install/amr_basics:/opt/ros/jazzy DEBUGINFOD_URLS=https://debuginfod.ubuntu.com /usr/bin/cmake /home/amirtha-varshiniy/my_robot_ws/src/my_robot_bringup -DCMAKE_INSTALL_PREFIX=/home/amirtha-varshiniy/my_robot_ws/install/my_robot_bringup
[1.891s] DEBUG:colcon.colcon_core.event_handler.log_command:Invoking command in '/home/amirtha-varshiniy/my_robot_ws/build/my_robot_bringup': CMAKE_PREFIX_PATH=${CMAKE_PREFIX_PATH}:/home/amirtha-varshiniy/amr_ws/install/turtle_controller:/home/amirtha-varshiniy/amr_ws/install/demo_pkg:/home/amirtha-varshiniy/amr_ws/install/amr_basics:/opt/ros/jazzy DEBUGINFOD_URLS=https://debuginfod.ubuntu.com /usr/bin/cmake --build /home/amirtha-varshiniy/my_robot_ws/build/my_robot_bringup -- -j2 -l2
[1.950s] DEBUG:colcon.colcon_core.event_handler.log_command:Invoked command in '/home/amirtha-varshiniy/my_robot_ws/build/my_robot_bringup' returned '0': CMAKE_PREFIX_PATH=${CMAKE_PREFIX_PATH}:/home/amirtha-varshiniy/amr_ws/install/turtle_controller:/home/amirtha-varshiniy/amr_ws/install/demo_pkg:/home/amirtha-varshiniy/amr_ws/install/amr_basics:/opt/ros/jazzy DEBUGINFOD_URLS=https://debuginfod.ubuntu.com /usr/bin/cmake --build /home/amirtha-varshiniy/my_robot_ws/build/my_robot_bringup -- -j2 -l2
[1.952s] DEBUG:colcon.colcon_core.event_handler.log_command:Invoking command in '/home/amirtha-varshiniy/my_robot_ws/build/my_robot_bringup': CMAKE_PREFIX_PATH=${CMAKE_PREFIX_PATH}:/home/amirtha-varshiniy/amr_ws/install/turtle_controller:/home/amirtha-varshiniy/amr_ws/install/demo_pkg:/home/amirtha-varshiniy/amr_ws/install/amr_basics:/opt/ros/jazzy DEBUGINFOD_URLS=https://debuginfod.ubuntu.com /usr/bin/cmake --install /home/amirtha-varshiniy/my_robot_ws/build/my_robot_bringup
[1.967s] Level 1:colcon.colcon_core.environment:create_environment_scripts_only(my_robot_bringup)
[1.967s] Level 1:colcon.colcon_core.environment:checking '/home/amirtha-varshiniy/my_robot_ws/install/my_robot_bringup' for CMake module files
[1.968s] DEBUG:colcon.colcon_core.event_handler.log_command:Invoked command in '/home/amirtha-varshiniy/my_robot_ws/build/my_robot_bringup' returned '0': CMAKE_PREFIX_PATH=${CMAKE_PREFIX_PATH}:/home/amirtha-varshiniy/amr_ws/install/turtle_controller:/home/amirtha-varshiniy/amr_ws/install/demo_pkg:/home/amirtha-varshiniy/amr_ws/install/amr_basics:/opt/ros/jazzy DEBUGINFOD_URLS=https://debuginfod.ubuntu.com /usr/bin/cmake --install /home/amirtha-varshiniy/my_robot_ws/build/my_robot_bringup
[1.968s] Level 1:colcon.colcon_core.environment:checking '/home/amirtha-varshiniy/my_robot_ws/install/my_robot_bringup' for CMake config files
[1.968s] Level 1:colcon.colcon_core.shell:create_environment_hook('my_robot_bringup', 'cmake_prefix_path')
[1.968s] INFO:colcon.colcon_core.shell:Creating environment hook '/home/amirtha-varshiniy/my_robot_ws/install/my_robot_bringup/share/my_robot_bringup/hook/cmake_prefix_path.ps1'
[1.969s] INFO:colcon.colcon_core.shell:Creating environment descriptor '/home/amirtha-varshiniy/my_robot_ws/install/my_robot_bringup/share/my_robot_bringup/hook/cmake_prefix_path.dsv'
[1.969s] INFO:colcon.colcon_core.shell:Creating environment hook '/home/amirtha-varshiniy/my_robot_ws/install/my_robot_bringup/share/my_robot_bringup/hook/cmake_prefix_path.sh'
[1.970s] Level 1:colcon.colcon_core.environment:checking '/home/amirtha-varshiniy/my_robot_ws/install/my_robot_bringup/bin'
[1.970s] Level 1:colcon.colcon_core.environment:checking '/home/amirtha-varshiniy/my_robot_ws/install/my_robot_bringup/lib/pkgconfig/my_robot_bringup.pc'
[1.970s] Level 1:colcon.colcon_core.environment:checking '/home/amirtha-varshiniy/my_robot_ws/install/my_robot_bringup/lib/python3.12/site-packages'
[1.970s] Level 1:colcon.colcon_core.environment:checking '/home/amirtha-varshiniy/my_robot_ws/install/my_robot_bringup/bin'
[1.970s] INFO:colcon.colcon_core.shell:Creating package script '/home/amirtha-varshiniy/my_robot_ws/install/my_robot_bringup/share/my_robot_bringup/package.ps1'
[1.971s] INFO:colcon.colcon_core.shell:Creating package descriptor '/home/amirtha-varshiniy/my_robot_ws/install/my_robot_bringup/share/my_robot_bringup/package.dsv'
[1.971s] INFO:colcon.colcon_core.shell:Creating package script '/home/amirtha-varshiniy/my_robot_ws/install/my_robot_bringup/share/my_robot_bringup/package.sh'
[1.972s] INFO:colcon.colcon_core.shell:Creating package script '/home/amirtha-varshiniy/my_robot_ws/install/my_robot_bringup/share/my_robot_bringup/package.bash'
[1.972s] INFO:colcon.colcon_core.shell:Creating package script '/home/amirtha-varshiniy/my_robot_ws/install/my_robot_bringup/share/my_robot_bringup/package.zsh'
[1.972s] Level 1:colcon.colcon_core.environment:create_file_with_runtime_dependencies(/home/amirtha-varshiniy/my_robot_ws/install/my_robot_bringup/share/colcon-core/packages/my_robot_bringup)
[1.972s] Level 1:colcon.colcon_core.environment:create_environment_scripts_only(my_robot_bringup)
[1.972s] Level 1:colcon.colcon_core.environment:checking '/home/amirtha-varshiniy/my_robot_ws/install/my_robot_bringup' for CMake module files
[1.973s] Level 1:colcon.colcon_core.environment:checking '/home/amirtha-varshiniy/my_robot_ws/install/my_robot_bringup' for CMake config files
[1.973s] Level 1:colcon.colcon_core.shell:create_environment_hook('my_robot_bringup', 'cmake_prefix_path')
[1.973s] INFO:colcon.colcon_core.shell:Creating environment hook '/home/amirtha-varshiniy/my_robot_ws/install/my_robot_bringup/share/my_robot_bringup/hook/cmake_prefix_path.ps1'
[1.973s] INFO:colcon.colcon_core.shell:Creating environment descriptor '/home/amirtha-varshiniy/my_robot_ws/install/my_robot_bringup/share/my_robot_bringup/hook/cmake_prefix_path.dsv'
[1.974s] INFO:colcon.colcon_core.shell:Creating environment hook '/home/amirtha-varshiniy/my_robot_ws/install/my_robot_bringup/share/my_robot_bringup/hook/cmake_prefix_path.sh'
[1.975s] Level 1:colcon.colcon_core.environment:checking '/home/amirtha-varshiniy/my_robot_ws/install/my_robot_bringup/bin'
[1.975s] Level 1:colcon.colcon_core.environment:checking '/home/amirtha-varshiniy/my_robot_ws/install/my_robot_bringup/lib/pkgconfig/my_robot_bringup.pc'
[1.975s] Level 1:colcon.colcon_core.environment:checking '/home/amirtha-varshiniy/my_robot_ws/install/my_robot_bringup/lib/python3.12/site-packages'
[1.976s] Level 1:colcon.colcon_core.environment:checking '/home/amirtha-varshiniy/my_robot_ws/install/my_robot_bringup/bin'
[1.976s] INFO:colcon.colcon_core.shell:Creating package script '/home/amirtha-varshiniy/my_robot_ws/install/my_robot_bringup/share/my_robot_bringup/package.ps1'
[1.977s] INFO:colcon.colcon_core.shell:Creating package descriptor '/home/amirtha-varshiniy/my_robot_ws/install/my_robot_bringup/share/my_robot_bringup/package.dsv'
[1.978s] INFO:colcon.colcon_core.shell:Creating package script '/home/amirtha-varshiniy/my_robot_ws/install/my_robot_bringup/share/my_robot_bringup/package.sh'
[1.978s] INFO:colcon.colcon_core.shell:Creating package script '/home/amirtha-varshiniy/my_robot_ws/install/my_robot_bringup/share/my_robot_bringup/package.bash'
[1.979s] INFO:colcon.colcon_core.shell:Creating package script '/home/amirtha-varshiniy/my_robot_ws/install/my_robot_bringup/share/my_robot_bringup/package.zsh'
[1.979s] Level 1:colcon.colcon_core.environment:create_file_with_runtime_dependencies(/home/amirtha-varshiniy/my_robot_ws/install/my_robot_bringup/share/colcon-core/packages/my_robot_bringup)
[1.979s] DEBUG:colcon.colcon_parallel_executor.executor.parallel:closing loop
[1.980s] DEBUG:colcon.colcon_parallel_executor.executor.parallel:loop closed
[1.980s] DEBUG:colcon.colcon_parallel_executor.executor.parallel:run_until_complete finished with '0'
[1.980s] DEBUG:colcon.colcon_core.event_reactor:joining thread
[1.993s] INFO:colcon.colcon_core.plugin_system:Skipping extension 'colcon_notification.desktop_notification.terminal_notifier': Not used on non-Darwin systems
[1.994s] INFO:colcon.colcon_core.plugin_system:Skipping extension 'colcon_notification.desktop_notification.win32': Not used on non-Windows systems
[1.994s] INFO:colcon.colcon_notification.desktop_notification:Sending desktop notification using 'notify2'
[2.024s] DEBUG:colcon.colcon_core.event_reactor:joined thread
[2.024s] INFO:colcon.colcon_core.shell:Creating prefix script '/home/amirtha-varshiniy/my_robot_ws/install/local_setup.ps1'
[2.025s] INFO:colcon.colcon_core.shell:Creating prefix util module '/home/amirtha-varshiniy/my_robot_ws/install/_local_setup_util_ps1.py'
[2.026s] INFO:colcon.colcon_core.shell:Creating prefix chain script '/home/amirtha-varshiniy/my_robot_ws/install/setup.ps1'
[2.027s] INFO:colcon.colcon_core.shell:Creating prefix script '/home/amirtha-varshiniy/my_robot_ws/install/local_setup.sh'
[2.028s] INFO:colcon.colcon_core.shell:Creating prefix util module '/home/amirtha-varshiniy/my_robot_ws/install/_local_setup_util_sh.py'
[2.028s] INFO:colcon.colcon_core.shell:Creating prefix chain script '/home/amirtha-varshiniy/my_robot_ws/install/setup.sh'
[2.030s] INFO:colcon.colcon_core.shell:Creating prefix script '/home/amirtha-varshiniy/my_robot_ws/install/local_setup.bash'
[2.031s] INFO:colcon.colcon_core.shell:Creating prefix chain script '/home/amirtha-varshiniy/my_robot_ws/install/setup.bash'
[2.032s] INFO:colcon.colcon_core.shell:Creating prefix script '/home/amirtha-varshiniy/my_robot_ws/install/local_setup.zsh'
[2.032s] INFO:colcon.colcon_core.shell:Creating prefix chain script '/home/amirtha-varshiniy/my_robot_ws/install/setup.zsh'
